[     669ms] [ERROR] Failed to load resource: the server responded with a status of 404 (File not found) @ http://localhost:8770/favicon.ico:0
[     756ms] [WARNING] uncategorized part (add a TREE regex + it fails make invariants): track_Llink_00_master @ http://localhost:8770/viewer_glb.html:467
[     756ms] [WARNING] uncategorized part (add a TREE regex + it fails make invariants): track_Llink_01 @ http://localhost:8770/viewer_glb.html:467
[     756ms] [WARNING] uncategorized part (add a TREE regex + it fails make invariants): track_Llink_02 @ http://localhost:8770/viewer_glb.html:467
[     757ms] [WARNING] uncategorized part (add a TREE regex + it fails make invariants): track_Llink_03 @ http://localhost:8770/viewer_glb.html:467
[     757ms] [WARNING] uncategorized part (add a TREE regex + it fails make invariants): track_Llink_04 @ http://localhost:8770/viewer_glb.html:467
[     757ms] [WARNING] uncategorized part (add a TREE regex + it fails make invariants): track_Llink_05 @ http://localhost:8770/viewer_glb.html:467
[     757ms] [WARNING] uncategorized part (add a TREE regex + it fails make invariants): track_Llink_06 @ http://localhost:8770/viewer_glb.html:467
[     757ms] [WARNING] uncategorized part (add a TREE regex + it fails make invariants): track_Llink_07 @ http://localhost:8770/viewer_glb.html:467
[     757ms] [WARNING] uncategorized part (add a TREE regex + it fails make invariants): track_Llink_08 @ http://localhost:8770/viewer_glb.html:467
[     757ms] [WARNING] uncategorized part (add a TREE regex + it fails make invariants): track_Llink_09 @ http://localhost:8770/viewer_glb.html:467
[     757ms] [WARNING] uncategorized part (add a TREE regex + it fails make invariants): track_Llink_10 @ http://localhost:8770/viewer_glb.html:467
[     757ms] [WARNING] uncategorized part (add a TREE regex + it fails make invariants): track_Llink_11 @ http://localhost:8770/viewer_glb.html:467
[     757ms] [WARNING] uncategorized part (add a TREE regex + it fails make invariants): track_Llink_12 @ http://localhost:8770/viewer_glb.html:467
[     757ms] [WARNING] uncategorized part (add a TREE regex + it fails make invariants): track_Llink_13 @ http://localhost:8770/viewer_glb.html:467
[     758ms] [WARNING] uncategorized part (add a TREE regex + it fails make invariants): track_Llink_14 @ http://localhost:8770/viewer_glb.html:467
[     758ms] [WARNING] uncategorized part (add a TREE regex + it fails make invariants): track_Llink_15 @ http://localhost:8770/viewer_glb.html:467
[     758ms] [WARNING] uncategorized part (add a TREE regex + it fails make invariants): track_Llink_16 @ http://localhost:8770/viewer_glb.html:467
[     758ms] [WARNING] uncategorized part (add a TREE regex + it fails make invariants): track_Llink_17 @ http://localhost:8770/viewer_glb.html:467
[     758ms] [WARNING] uncategorized part (add a TREE regex + it fails make invariants): track_Llink_18 @ http://localhost:8770/viewer_glb.html:467
[     758ms] [WARNING] uncategorized part (add a TREE regex + it fails make invariants): track_Llink_19 @ http://localhost:8770/viewer_glb.html:467
[     758ms] [WARNING] uncategorized part (add a TREE regex + it fails make invariants): track_Llink_20 @ http://localhost:8770/viewer_glb.html:467
[     758ms] [WARNING] uncategorized part (add a TREE regex + it fails make invariants): track_Llink_21 @ http://localhost:8770/viewer_glb.html:467
[     758ms] [WARNING] uncategorized part (add a TREE regex + it fails make invariants): track_Llink_22 @ http://localhost:8770/viewer_glb.html:467
[     758ms] [WARNING] uncategorized part (add a TREE regex + it fails make invariants): track_Llink_23 @ http://localhost:8770/viewer_glb.html:467
[     758ms] [WARNING] uncategorized part (add a TREE regex + it fails make invariants): track_Llink_24 @ http://localhost:8770/viewer_glb.html:467
[     759ms] [WARNING] uncategorized part (add a TREE regex + it fails make invariants): track_Llink_25 @ http://localhost:8770/viewer_glb.html:467
[     759ms] [WARNING] uncategorized part (add a TREE regex + it fails make invariants): track_Llink_26 @ http://localhost:8770/viewer_glb.html:467
[     759ms] [WARNING] uncategorized part (add a TREE regex + it fails make invariants): track_Llink_27 @ http://localhost:8770/viewer_glb.html:467
[     759ms] [WARNING] uncategorized part (add a TREE regex + it fails make invariants): track_Llink_28 @ http://localhost:8770/viewer_glb.html:467
[     759ms] [WARNING] uncategorized part (add a TREE regex + it fails make invariants): track_Llink_29 @ http://localhost:8770/viewer_glb.html:467
[     759ms] [WARNING] uncategorized part (add a TREE regex + it fails make invariants): track_Llink_30 @ http://localhost:8770/viewer_glb.html:467
[     759ms] [WARNING] uncategorized part (add a TREE regex + it fails make invariants): track_Llink_31 @ http://localhost:8770/viewer_glb.html:467
[     759ms] [WARNING] uncategorized part (add a TREE regex + it fails make invariants): track_Llink_32 @ http://localhost:8770/viewer_glb.html:467
[     759ms] [WARNING] uncategorized part (add a TREE regex + it fails make invariants): track_Llink_33 @ http://localhost:8770/viewer_glb.html:467
[     759ms] [WARNING] uncategorized part (add a TREE regex + it fails make invariants): track_Llink_34 @ http://localhost:8770/viewer_glb.html:467
[     759ms] [WARNING] uncategorized part (add a TREE regex + it fails make invariants): track_Llink_35 @ http://localhost:8770/viewer_glb.html:467
[     759ms] [WARNING] uncategorized part (add a TREE regex + it fails make invariants): track_Llink_36 @ http://localhost:8770/viewer_glb.html:467
[     760ms] [WARNING] uncategorized part (add a TREE regex + it fails make invariants): track_Llink_37 @ http://localhost:8770/viewer_glb.html:467
[     760ms] [WARNING] uncategorized part (add a TREE regex + it fails make invariants): track_Llink_38 @ http://localhost:8770/viewer_glb.html:467
[     760ms] [WARNING] uncategorized part (add a TREE regex + it fails make invariants): track_Llink_39 @ http://localhost:8770/viewer_glb.html:467
[     760ms] [WARNING] uncategorized part (add a TREE regex + it fails make invariants): track_Llink_40 @ http://localhost:8770/viewer_glb.html:467
[     760ms] [WARNING] uncategorized part (add a TREE regex + it fails make invariants): track_Llink_41 @ http://localhost:8770/viewer_glb.html:467
[     761ms] [WARNING] uncategorized part (add a TREE regex + it fails make invariants): track_Llink_42 @ http://localhost:8770/viewer_glb.html:467
[     761ms] [WARNING] uncategorized part (add a TREE regex + it fails make invariants): track_Llink_43 @ http://localhost:8770/viewer_glb.html:467
[     761ms] [WARNING] uncategorized part (add a TREE regex + it fails make invariants): track_Llink_44 @ http://localhost:8770/viewer_glb.html:467
[     761ms] [WARNING] uncategorized part (add a TREE regex + it fails make invariants): track_Llink_45 @ http://localhost:8770/viewer_glb.html:467
[     761ms] [WARNING] uncategorized part (add a TREE regex + it fails make invariants): track_Llink_46 @ http://localhost:8770/viewer_glb.html:467
[     761ms] [WARNING] uncategorized part (add a TREE regex + it fails make invariants): track_Llink_47 @ http://localhost:8770/viewer_glb.html:467
[     761ms] [WARNING] uncategorized part (add a TREE regex + it fails make invariants): track_Llink_48 @ http://localhost:8770/viewer_glb.html:467
[     761ms] [WARNING] uncategorized part (add a TREE regex + it fails make invariants): track_Llink_49 @ http://localhost:8770/viewer_glb.html:467
[     761ms] [WARNING] uncategorized part (add a TREE regex + it fails make invariants): track_Llink_50 @ http://localhost:8770/viewer_glb.html:467
[     761ms] [WARNING] uncategorized part (add a TREE regex + it fails make invariants): track_Llink_51 @ http://localhost:8770/viewer_glb.html:467
[     761ms] [WARNING] uncategorized part (add a TREE regex + it fails make invariants): track_Llink_52 @ http://localhost:8770/viewer_glb.html:467
[     761ms] [WARNING] uncategorized part (add a TREE regex + it fails make invariants): track_Llink_53 @ http://localhost:8770/viewer_glb.html:467
[     762ms] [WARNING] uncategorized part (add a TREE regex + it fails make invariants): track_Llink_54 @ http://localhost:8770/viewer_glb.html:467
[     762ms] [WARNING] uncategorized part (add a TREE regex + it fails make invariants): track_Llink_55 @ http://localhost:8770/viewer_glb.html:467
[     762ms] [WARNING] uncategorized part (add a TREE regex + it fails make invariants): track_Llink_56 @ http://localhost:8770/viewer_glb.html:467
[     762ms] [WARNING] uncategorized part (add a TREE regex + it fails make invariants): track_Llink_57 @ http://localhost:8770/viewer_glb.html:467
[     762ms] [WARNING] uncategorized part (add a TREE regex + it fails make invariants): track_Llink_58 @ http://localhost:8770/viewer_glb.html:467
[     762ms] [WARNING] uncategorized part (add a TREE regex + it fails make invariants): track_Llink_59 @ http://localhost:8770/viewer_glb.html:467
[     762ms] [WARNING] uncategorized part (add a TREE regex + it fails make invariants): track_Llink_60 @ http://localhost:8770/viewer_glb.html:467
[     762ms] [WARNING] uncategorized part (add a TREE regex + it fails make invariants): track_Llink_61 @ http://localhost:8770/viewer_glb.html:467
[     762ms] [WARNING] uncategorized part (add a TREE regex + it fails make invariants): track_Llink_62 @ http://localhost:8770/viewer_glb.html:467
[     762ms] [WARNING] uncategorized part (add a TREE regex + it fails make invariants): track_Llink_63 @ http://localhost:8770/viewer_glb.html:467
[     764ms] [WARNING] uncategorized part (add a TREE regex + it fails make invariants): track_Rlink_00_master @ http://localhost:8770/viewer_glb.html:467
[     764ms] [WARNING] uncategorized part (add a TREE regex + it fails make invariants): track_Rlink_01 @ http://localhost:8770/viewer_glb.html:467
[     764ms] [WARNING] uncategorized part (add a TREE regex + it fails make invariants): track_Rlink_02 @ http://localhost:8770/viewer_glb.html:467
[     764ms] [WARNING] uncategorized part (add a TREE regex + it fails make invariants): track_Rlink_03 @ http://localhost:8770/viewer_glb.html:467
[     764ms] [WARNING] uncategorized part (add a TREE regex + it fails make invariants): track_Rlink_04 @ http://localhost:8770/viewer_glb.html:467
[     764ms] [WARNING] uncategorized part (add a TREE regex + it fails make invariants): track_Rlink_05 @ http://localhost:8770/viewer_glb.html:467
[     764ms] [WARNING] uncategorized part (add a TREE regex + it fails make invariants): track_Rlink_06 @ http://localhost:8770/viewer_glb.html:467
[     764ms] [WARNING] uncategorized part (add a TREE regex + it fails make invariants): track_Rlink_07 @ http://localhost:8770/viewer_glb.html:467
[     764ms] [WARNING] uncategorized part (add a TREE regex + it fails make invariants): track_Rlink_08 @ http://localhost:8770/viewer_glb.html:467
[     764ms] [WARNING] uncategorized part (add a TREE regex + it fails make invariants): track_Rlink_09 @ http://localhost:8770/viewer_glb.html:467
[     764ms] [WARNING] uncategorized part (add a TREE regex + it fails make invariants): track_Rlink_10 @ http://localhost:8770/viewer_glb.html:467
[     764ms] [WARNING] uncategorized part (add a TREE regex + it fails make invariants): track_Rlink_11 @ http://localhost:8770/viewer_glb.html:467
[     764ms] [WARNING] uncategorized part (add a TREE regex + it fails make invariants): track_Rlink_12 @ http://localhost:8770/viewer_glb.html:467
[     765ms] [WARNING] uncategorized part (add a TREE regex + it fails make invariants): track_Rlink_13 @ http://localhost:8770/viewer_glb.html:467
[     765ms] [WARNING] uncategorized part (add a TREE regex + it fails make invariants): track_Rlink_14 @ http://localhost:8770/viewer_glb.html:467
[     765ms] [WARNING] uncategorized part (add a TREE regex + it fails make invariants): track_Rlink_15 @ http://localhost:8770/viewer_glb.html:467
[     765ms] [WARNING] uncategorized part (add a TREE regex + it fails make invariants): track_Rlink_16 @ http://localhost:8770/viewer_glb.html:467
[     765ms] [WARNING] uncategorized part (add a TREE regex + it fails make invariants): track_Rlink_17 @ http://localhost:8770/viewer_glb.html:467
[     765ms] [WARNING] uncategorized part (add a TREE regex + it fails make invariants): track_Rlink_18 @ http://localhost:8770/viewer_glb.html:467
[     765ms] [WARNING] uncategorized part (add a TREE regex + it fails make invariants): track_Rlink_19 @ http://localhost:8770/viewer_glb.html:467
[     765ms] [WARNING] uncategorized part (add a TREE regex + it fails make invariants): track_Rlink_20 @ http://localhost:8770/viewer_glb.html:467
[     765ms] [WARNING] uncategorized part (add a TREE regex + it fails make invariants): track_Rlink_21 @ http://localhost:8770/viewer_glb.html:467
[     765ms] [WARNING] uncategorized part (add a TREE regex + it fails make invariants): track_Rlink_22 @ http://localhost:8770/viewer_glb.html:467
[     765ms] [WARNING] uncategorized part (add a TREE regex + it fails make invariants): track_Rlink_23 @ http://localhost:8770/viewer_glb.html:467
[     765ms] [WARNING] uncategorized part (add a TREE regex + it fails make invariants): track_Rlink_24 @ http://localhost:8770/viewer_glb.html:467
[     765ms] [WARNING] uncategorized part (add a TREE regex + it fails make invariants): track_Rlink_25 @ http://localhost:8770/viewer_glb.html:467
[     766ms] [WARNING] uncategorized part (add a TREE regex + it fails make invariants): track_Rlink_26 @ http://localhost:8770/viewer_glb.html:467
[     766ms] [WARNING] uncategorized part (add a TREE regex + it fails make invariants): track_Rlink_27 @ http://localhost:8770/viewer_glb.html:467
[     766ms] [WARNING] uncategorized part (add a TREE regex + it fails make invariants): track_Rlink_28 @ http://localhost:8770/viewer_glb.html:467
[     766ms] [WARNING] uncategorized part (add a TREE regex + it fails make invariants): track_Rlink_29 @ http://localhost:8770/viewer_glb.html:467
[     766ms] [WARNING] uncategorized part (add a TREE regex + it fails make invariants): track_Rlink_30 @ http://localhost:8770/viewer_glb.html:467
[     766ms] [WARNING] uncategorized part (add a TREE regex + it fails make invariants): track_Rlink_31 @ http://localhost:8770/viewer_glb.html:467
[     766ms] [WARNING] uncategorized part (add a TREE regex + it fails make invariants): track_Rlink_32 @ http://localhost:8770/viewer_glb.html:467
[     766ms] [WARNING] uncategorized part (add a TREE regex + it fails make invariants): track_Rlink_33 @ http://localhost:8770/viewer_glb.html:467
[     766ms] [WARNING] uncategorized part (add a TREE regex + it fails make invariants): track_Rlink_34 @ http://localhost:8770/viewer_glb.html:467
[     766ms] [WARNING] uncategorized part (add a TREE regex + it fails make invariants): track_Rlink_35 @ http://localhost:8770/viewer_glb.html:467
[     766ms] [WARNING] uncategorized part (add a TREE regex + it fails make invariants): track_Rlink_36 @ http://localhost:8770/viewer_glb.html:467
[     766ms] [WARNING] uncategorized part (add a TREE regex + it fails make invariants): track_Rlink_37 @ http://localhost:8770/viewer_glb.html:467
[     766ms] [WARNING] uncategorized part (add a TREE regex + it fails make invariants): track_Rlink_38 @ http://localhost:8770/viewer_glb.html:467
[     767ms] [WARNING] uncategorized part (add a TREE regex + it fails make invariants): track_Rlink_39 @ http://localhost:8770/viewer_glb.html:467
[     767ms] [WARNING] uncategorized part (add a TREE regex + it fails make invariants): track_Rlink_40 @ http://localhost:8770/viewer_glb.html:467
[     767ms] [WARNING] uncategorized part (add a TREE regex + it fails make invariants): track_Rlink_41 @ http://localhost:8770/viewer_glb.html:467
[     767ms] [WARNING] uncategorized part (add a TREE regex + it fails make invariants): track_Rlink_42 @ http://localhost:8770/viewer_glb.html:467
[     767ms] [WARNING] uncategorized part (add a TREE regex + it fails make invariants): track_Rlink_43 @ http://localhost:8770/viewer_glb.html:467
[     767ms] [WARNING] uncategorized part (add a TREE regex + it fails make invariants): track_Rlink_44 @ http://localhost:8770/viewer_glb.html:467
[     767ms] [WARNING] uncategorized part (add a TREE regex + it fails make invariants): track_Rlink_45 @ http://localhost:8770/viewer_glb.html:467
[     767ms] [WARNING] uncategorized part (add a TREE regex + it fails make invariants): track_Rlink_46 @ http://localhost:8770/viewer_glb.html:467
[     767ms] [WARNING] uncategorized part (add a TREE regex + it fails make invariants): track_Rlink_47 @ http://localhost:8770/viewer_glb.html:467
[     767ms] [WARNING] uncategorized part (add a TREE regex + it fails make invariants): track_Rlink_48 @ http://localhost:8770/viewer_glb.html:467
[     767ms] [WARNING] uncategorized part (add a TREE regex + it fails make invariants): track_Rlink_49 @ http://localhost:8770/viewer_glb.html:467
[     767ms] [WARNING] uncategorized part (add a TREE regex + it fails make invariants): track_Rlink_50 @ http://localhost:8770/viewer_glb.html:467
[     767ms] [WARNING] uncategorized part (add a TREE regex + it fails make invariants): track_Rlink_51 @ http://localhost:8770/viewer_glb.html:467
[     767ms] [WARNING] uncategorized part (add a TREE regex + it fails make invariants): track_Rlink_52 @ http://localhost:8770/viewer_glb.html:467
[     768ms] [WARNING] uncategorized part (add a TREE regex + it fails make invariants): track_Rlink_53 @ http://localhost:8770/viewer_glb.html:467
[     768ms] [WARNING] uncategorized part (add a TREE regex + it fails make invariants): track_Rlink_54 @ http://localhost:8770/viewer_glb.html:467
[     768ms] [WARNING] uncategorized part (add a TREE regex + it fails make invariants): track_Rlink_55 @ http://localhost:8770/viewer_glb.html:467
[     768ms] [WARNING] uncategorized part (add a TREE regex + it fails make invariants): track_Rlink_56 @ http://localhost:8770/viewer_glb.html:467
[     768ms] [WARNING] uncategorized part (add a TREE regex + it fails make invariants): track_Rlink_57 @ http://localhost:8770/viewer_glb.html:467
[     768ms] [WARNING] uncategorized part (add a TREE regex + it fails make invariants): track_Rlink_58 @ http://localhost:8770/viewer_glb.html:467
[     768ms] [WARNING] uncategorized part (add a TREE regex + it fails make invariants): track_Rlink_59 @ http://localhost:8770/viewer_glb.html:467
[     768ms] [WARNING] uncategorized part (add a TREE regex + it fails make invariants): track_Rlink_60 @ http://localhost:8770/viewer_glb.html:467
[     768ms] [WARNING] uncategorized part (add a TREE regex + it fails make invariants): track_Rlink_61 @ http://localhost:8770/viewer_glb.html:467
[     768ms] [WARNING] uncategorized part (add a TREE regex + it fails make invariants): track_Rlink_62 @ http://localhost:8770/viewer_glb.html:467
[     768ms] [WARNING] uncategorized part (add a TREE regex + it fails make invariants): track_Rlink_63 @ http://localhost:8770/viewer_glb.html:467
